[debug] > Exec(early(addDefaultCommands), None, None)
[debug] > Exec(addDefaultCommands, None, None)
[debug] > Exec(early(initialize), None, None)
[debug] > Exec(initialize, None, None)
[debug] > Exec(early(addPluginSbtFile="""C:\Users\79995\AppData\Local\Temp\idea1.sbt"""), None, None)
[debug] > Exec(addPluginSbtFile="""C:\Users\79995\AppData\Local\Temp\idea1.sbt""", None, None)
[debug] > Exec(boot, None, None)
[debug] > Exec(writeSbtVersion, None, None)
[debug] > Exec(reload, None, None)
[debug] > Exec(sbtStashOnFailure, None, None)
[debug] > Exec(onFailure loadFailed, None, None)
[debug] > Exec(loadp, None, None)
[info] welcome to sbt 1.11.6 (Oracle Corporation Java 22.0.1)
[debug] Load.defaultLoad until apply took 113.3255ms
[debug]           Load.loadUnit: plugins took 72.9478ms
[debug]           Load.loadUnit: defsScala took 0.2605ms
[debug] [Loading] Scanning directory C:\Users\79995\IdeaProjects\naumen\SbtExampleProject\project
[debug]             Load.loadUnit: mkEval took 3.7405ms
[debug] [Loading] Found non-root projects 
[debug] [Loading] Done in C:\Users\79995\IdeaProjects\naumen\SbtExampleProject\project, returning: ()
[debug] deducing auto plugins based on known facts Set(Atom(sbt.plugins.CorePlugin)) and clauses Clauses(Clause(Atom(sbt.plugins.JvmPlugin),Set(Atom(sbt.plugins.IvyPlugin)))
[debug] Clause(Atom(sbt.ScriptedPlugin),Set(Atom(sbt.plugins.JvmPlugin)))
[debug] Clause(Atom(sbt.plugins.SbtPlugin),Set(Atom(sbt.ScriptedPlugin)))
[debug] Clause(Atom(sbt.plugins.SemanticdbPlugin),Set(Atom(sbt.plugins.JvmPlugin)))
[debug] Clause(Atom(sbt.plugins.JUnitXmlReportPlugin),Set(Atom(sbt.plugins.JvmPlugin)))
[debug] Clause(Atom(sbt.plugins.MiniDependencyTreePlugin),Set(Atom(sbt.plugins.JvmPlugin)))
[debug] Clause(Atom(sbt.plugins.CorePlugin),Set(Atom(sbt.plugins.IvyPlugin)))
[debug] Clause(Atom(sbt.plugins.IvyPlugin),Set(Atom(sbt.plugins.JvmPlugin)))
[debug] Clause(Atom(sbt.plugins.JvmPlugin),Set(Atom(sbt.plugins.SemanticdbPlugin)))
[debug] Clause(Atom(sbt.plugins.JvmPlugin),Set(Atom(sbt.plugins.JUnitXmlReportPlugin)))
[debug] Clause(Atom(sbt.plugins.CorePlugin),Set(Atom(sbt.plugins.Giter8TemplatePlugin)))
[debug] Clause(Atom(sbt.plugins.JvmPlugin),Set(Atom(sbt.plugins.MiniDependencyTreePlugin))))
[debug]   :: deduced result: Matched(sbt.plugins.CorePlugin,sbt.plugins.Giter8TemplatePlugin,sbt.plugins.IvyPlugin,sbt.plugins.JvmPlugin,sbt.plugins.MiniDependencyTreePlugin,sbt.plugins.JUnitXmlReportPlugin,sbt.plugins.SemanticdbPlugin)
[debug] Plugins.deducer#function took 8.9972 ms
[info] loading settings for project sbtexampleproject-build from idea1.sbt...
[debug]               Load.resolveProject(sbtexampleproject-build) took 25.0586ms
[debug]             Load.loadTransitive: finalizeProject(Project(id sbtexampleproject-build, base: C:\Users\79995\IdeaProjects\naumen\SbtExampleProject\project, plugins: List(<none>))) took 47.045ms
[debug] [Loading] Done in C:\Users\79995\IdeaProjects\naumen\SbtExampleProject\project, returning: (sbtexampleproject-build)
[debug]           Load.loadUnit: loadedProjectsRaw took 263.2993ms
[debug]           Load.loadUnit: cleanEvalClasses took 5.1937ms
[debug]         Load.loadUnit(file:/C:/Users/79995/IdeaProjects/naumen/SbtExampleProject/project/, ...) took 349.162ms
[debug]       Load.apply: load took 514.0226ms
[debug]       Load.apply: resolveProjects took 3.0632ms
[debug]       Load.apply: finalTransforms took 46.2383ms
[debug]       Load.apply: config.delegates took 6.7509ms
[debug]       Load.apply: Def.make(settings)... took 490.6767ms
[debug]       Load.apply: structureIndex took 98.7377ms
[debug]       Load.apply: mkStreams took 1.3414ms
[info] loading project definition from C:\Users\79995\IdeaProjects\naumen\SbtExampleProject\project
[debug] Running task... Cancel: Signal, check cycles: false, forcegc: true
[debug]     Load.loadUnit: plugins took 2073.5966ms
[debug]     Load.loadUnit: defsScala took 0.0029ms
[debug] [Loading] Scanning directory C:\Users\79995\IdeaProjects\naumen\SbtExampleProject
[debug]       Load.loadUnit: mkEval took 0.3105ms
[debug] [Loading] Found root project root w/ remaining 
[debug] deducing auto plugins based on known facts Set(Atom(sbt.plugins.CorePlugin)) and clauses Clauses(Clause(Atom(sbt.plugins.JvmPlugin),Set(Atom(sbt.plugins.IvyPlugin)))
[debug] Clause(Atom(sbt.ScriptedPlugin),Set(Atom(sbt.plugins.JvmPlugin)))
[debug] Clause(Atom(sbt.plugins.SbtPlugin),Set(Atom(sbt.ScriptedPlugin)))
[debug] Clause(Atom(sbt.plugins.SemanticdbPlugin),Set(Atom(sbt.plugins.JvmPlugin)))
[debug] Clause(Atom(sbt.plugins.JUnitXmlReportPlugin),Set(Atom(sbt.plugins.JvmPlugin)))
[debug] Clause(Atom(sbt.plugins.MiniDependencyTreePlugin),Set(Atom(sbt.plugins.JvmPlugin)))
[debug] Clause(Atom(org.jetbrains.sbt.StructurePlugin),Set(Atom(sbt.plugins.JvmPlugin)))
[debug] Clause(Atom(org.jetbrains.sbt.IdeaShellPlugin),Set(Atom(sbt.plugins.JvmPlugin)))
[debug] Clause(Atom(org.jetbrains.sbt.indices.SbtIntellijIndicesPlugin),Set(Atom(sbt.plugins.JvmPlugin)))
[debug] Clause(Atom(sbt.plugins.CorePlugin),Set(Atom(sbt.plugins.IvyPlugin)))
[debug] Clause(Atom(sbt.plugins.IvyPlugin),Set(Atom(sbt.plugins.JvmPlugin)))
[debug] Clause(Atom(sbt.plugins.JvmPlugin),Set(Atom(sbt.plugins.SemanticdbPlugin)))
[debug] Clause(Atom(sbt.plugins.JvmPlugin),Set(Atom(sbt.plugins.JUnitXmlReportPlugin)))
[debug] Clause(Atom(sbt.plugins.CorePlugin),Set(Atom(sbt.plugins.Giter8TemplatePlugin)))
[debug] Clause(Atom(sbt.plugins.JvmPlugin),Set(Atom(sbt.plugins.MiniDependencyTreePlugin)))
[debug] Clause(Atom(sbt.plugins.JvmPlugin),Set(Atom(org.jetbrains.sbt.StructurePlugin)))
[debug] Clause(Atom(sbt.plugins.JvmPlugin),Set(Atom(org.jetbrains.sbt.IdeaShellPlugin)))
[debug] Clause(And(Set(Atom(sbt.plugins.CorePlugin), Atom(sbt.plugins.JvmPlugin))),Set(Atom(org.jetbrains.sbt.indices.SbtIntellijIndicesPlugin))))
[debug]   :: deduced result: Matched(sbt.plugins.CorePlugin,sbt.plugins.Giter8TemplatePlugin,sbt.plugins.IvyPlugin,sbt.plugins.JvmPlugin,sbt.plugins.SemanticdbPlugin,org.jetbrains.sbt.indices.SbtIntellijIndicesPlugin,sbt.plugins.JUnitXmlReportPlugin,org.jetbrains.sbt.IdeaShellPlugin,org.jetbrains.sbt.StructurePlugin,sbt.plugins.MiniDependencyTreePlugin)
[debug] Plugins.deducer#function took 4.0136 ms
[info] loading settings for project root from build.sbt...
[debug]         Load.resolveProject(root) took 33.6872ms
[debug]       Load.loadTransitive: finalizeProject(Project(id root, base: C:\Users\79995\IdeaProjects\naumen\SbtExampleProject, plugins: List(<none>))) took 40.2352ms
[debug] [Loading] Done in C:\Users\79995\IdeaProjects\naumen\SbtExampleProject, returning: (root)
[debug]     Load.loadUnit: loadedProjectsRaw took 111.7397ms
[debug]     Load.loadUnit: cleanEvalClasses took 6.1986ms
[debug]   Load.loadUnit(file:/C:/Users/79995/IdeaProjects/naumen/SbtExampleProject/, ...) took 2194.86ms
[debug] Load.apply: load took 2226.1986ms
[debug] Load.apply: resolveProjects took 0.1032ms
[debug] Load.apply: finalTransforms took 33.1182ms
[debug] Load.apply: config.delegates took 0.3025ms
[debug] Load.apply: Def.make(settings)... took 76.9209ms
[debug] Load.apply: structureIndex took 25.8668ms
[debug] Load.apply: mkStreams took 0.0021ms
[info] set current project to SbtExampleProject (in build file:/C:/Users/79995/IdeaProjects/naumen/SbtExampleProject/)
[debug] > Exec(sbtPopOnFailure, None, None)
[debug] > Exec(resumeFromFailure, None, None)
[debug] > Exec(notifyUsersAboutShell, None, None)
[debug] > Exec(iflast shell, None, None)
[debug] > Exec(; set ideaPort in Global := 59189 ; idea-shell, None, None)
[debug] > Exec(set ideaPort in Global := 59189, None, None)
[info] Defining Global / ideaPort
[info] The new value will be used by Compile / compile, Test / compile
[debug] Defining 
[debug] 	Global / ideaPort
[debug] 
[debug] The new value will be used by 
[debug] 	Compile / compile
[debug] 	Test / compile
[info] Reapplying settings...
[info] set current project to SbtExampleProject (in build file:/C:/Users/79995/IdeaProjects/naumen/SbtExampleProject/)
[debug] > Exec(idea-shell, None, None)
